<?xml version="1.0" encoding="UTF-8"?>
<testng-results ignored="0" total="3" passed="3" failed="0" skipped="0">
  <reporter-output>
  </reporter-output>
  <suite started-at="2022-10-11T20:50:44 IST" name="Default suite" finished-at="2022-10-11T20:52:16 IST" duration-ms="92352">
    <groups>
    </groups>
    <test started-at="2022-10-11T20:50:44 IST" name="Default test" finished-at="2022-10-11T20:52:16 IST" duration-ms="92352">
      <class name="com.basic.Automatewebapplication">
        <test-method is-config="true" signature="startBrowser()[pri:0, instance:com.basic.Automatewebapplication@7c711375]" started-at="2022-10-11T20:50:44 IST" name="startBrowser" finished-at="2022-10-11T20:51:59 IST" duration-ms="75324" status="PASS">
          <reporter-output>
          </reporter-output>
        </test-method> <!-- startBrowser -->
        <test-method signature="loadtime()[pri:1, instance:com.basic.Automatewebapplication@7c711375]" started-at="2022-10-11T20:51:59 IST" name="loadtime" finished-at="2022-10-11T20:51:59 IST" duration-ms="105" status="PASS">
          <reporter-output>
          </reporter-output>
        </test-method> <!-- loadtime -->
        <test-method signature="search()[pri:2, instance:com.basic.Automatewebapplication@7c711375]" started-at="2022-10-11T20:51:59 IST" name="search" finished-at="2022-10-11T20:52:09 IST" duration-ms="9363" status="PASS">
          <reporter-output>
          </reporter-output>
        </test-method> <!-- search -->
        <test-method signature="scroll()[pri:3, instance:com.basic.Automatewebapplication@7c711375]" started-at="2022-10-11T20:52:09 IST" name="scroll" finished-at="2022-10-11T20:52:15 IST" duration-ms="6146" status="PASS">
          <reporter-output>
          </reporter-output>
        </test-method> <!-- scroll -->
        <test-method is-config="true" signature="closeBrowser()[pri:0, instance:com.basic.Automatewebapplication@7c711375]" started-at="2022-10-11T20:52:15 IST" name="closeBrowser" finished-at="2022-10-11T20:52:16 IST" duration-ms="1370" status="PASS">
          <reporter-output>
          </reporter-output>
        </test-method> <!-- closeBrowser -->
      </class> <!-- com.basic.Automatewebapplication -->
    </test> <!-- Default test -->
  </suite> <!-- Default suite -->
</testng-results>
