<?xml version="1.0" encoding="UTF-8"?>
<!-- Generated by org.testng.reporters.JUnitXMLReporter -->
<testsuite ignored="0" hostname="DESKTOP-QJIVS98" failures="0" tests="3" name="Default test" time="92.352" errors="0" timestamp="2022-10-11T20:52:16 IST">
  <testcase classname="com.basic.Automatewebapplication" name="loadtime" time="0.105"/>
  <testcase classname="com.basic.Automatewebapplication" name="search" time="9.363"/>
  <testcase classname="com.basic.Automatewebapplication" name="scroll" time="6.146"/>
</testsuite> <!-- Default test -->
