<?xml version="1.0" encoding="UTF-8"?>
<!-- Generated by org.testng.reporters.JUnitXMLReporter -->
<testsuite ignored="0" hostname="DESKTOP-QJIVS98" failures="0" tests="3" name="Default test" time="44.577" errors="0" timestamp="2022-10-11T20:30:14 IST">
  <testcase classname="com.basic.Automatewebapplication" name="loadtime" time="0.28"/>
  <testcase classname="com.basic.Automatewebapplication" name="search" time="9.498"/>
  <testcase classname="com.basic.Automatewebapplication" name="scroll" time="6.137"/>
</testsuite> <!-- Default test -->
